2024-04-03 18:11:08,491 - tensorflow - WARNING - From C:\Users\USER\AppData\Local\Programs\Python\Python311\Lib\site-packages\tf2onnx\tf_loader.py:68: The name tf.reset_default_graph is deprecated. Please use tf.compat.v1.reset_default_graph instead.

2024-04-03 18:11:08,662 - tensorflow - WARNING - From C:\Users\USER\AppData\Local\Programs\Python\Python311\Lib\site-packages\tf2onnx\tf_loader.py:72: The name tf.train.import_meta_graph is deprecated. Please use tf.compat.v1.train.import_meta_graph instead.

2024-04-03 18:11:10,278 - tensorflow - WARNING - From C:\Users\USER\AppData\Local\Programs\Python\Python311\Lib\site-packages\keras\src\utils\tf_utils.py:492: The name tf.ragged.RaggedTensorValue is deprecated. Please use tf.compat.v1.ragged.RaggedTensorValue instead.

2024-04-03 18:11:25,387 - tensorflow - WARNING - Callback method `on_train_batch_end` is slow compared to the batch time (batch time: 0.3449s vs `on_train_batch_end` time: 0.3852s). Check your callbacks.
2024-04-03 18:11:34,290 - root - INFO - Epoch 0; loss: 34.32984161376953; CER: 1.1883476972579956; WER: 1.0; val_loss: 25.30276870727539; val_CER: 1.0; val_WER: 1.0
2024-04-03 18:11:43,528 - root - INFO - Epoch 1; loss: 25.314769744873047; CER: 1.0; WER: 1.0; val_loss: 24.94878387451172; val_CER: 1.0; val_WER: 1.0
2024-04-03 18:11:53,138 - root - INFO - Epoch 2; loss: 25.121313095092773; CER: 1.0; WER: 1.0; val_loss: 24.881488800048828; val_CER: 1.0; val_WER: 1.0
2024-04-03 18:12:02,421 - root - INFO - Epoch 3; loss: 25.089296340942383; CER: 1.0; WER: 1.0; val_loss: 24.855337142944336; val_CER: 1.0; val_WER: 1.0
2024-04-03 18:12:11,804 - root - INFO - Epoch 4; loss: 25.070825576782227; CER: 1.0; WER: 1.0; val_loss: 24.741716384887695; val_CER: 1.0; val_WER: 1.0
2024-04-03 18:12:21,384 - root - INFO - Epoch 5; loss: 25.00263214111328; CER: 1.0; WER: 1.0; val_loss: 24.540985107421875; val_CER: 1.0; val_WER: 1.0
2024-04-03 18:12:31,042 - root - INFO - Epoch 6; loss: 24.833372116088867; CER: 1.0; WER: 1.0; val_loss: 23.775339126586914; val_CER: 1.0; val_WER: 1.0
2024-04-03 18:12:40,435 - root - INFO - Epoch 7; loss: 24.595073699951172; CER: 1.0; WER: 1.0; val_loss: 23.058246612548828; val_CER: 1.0; val_WER: 1.0
2024-04-03 18:12:49,884 - root - INFO - Epoch 8; loss: 24.25743293762207; CER: 1.0; WER: 1.0; val_loss: 22.839622497558594; val_CER: 1.0; val_WER: 1.0
2024-04-03 18:12:59,310 - root - INFO - Epoch 9; loss: 23.987537384033203; CER: 1.0; WER: 1.0; val_loss: 22.691959381103516; val_CER: 1.0; val_WER: 1.0
2024-04-03 18:13:08,811 - root - INFO - Epoch 10; loss: 23.778583526611328; CER: 1.0; WER: 1.0; val_loss: 22.797439575195312; val_CER: 1.0; val_WER: 1.0
2024-04-03 18:13:18,321 - root - INFO - Epoch 11; loss: 23.576778411865234; CER: 1.0; WER: 1.0; val_loss: 22.754323959350586; val_CER: 1.0; val_WER: 1.0
2024-04-03 18:13:27,630 - root - INFO - Epoch 12; loss: 23.432531356811523; CER: 1.0; WER: 1.0; val_loss: 22.69951629638672; val_CER: 1.0; val_WER: 1.0
2024-04-03 18:13:36,932 - root - INFO - Epoch 13; loss: 23.297819137573242; CER: 1.0; WER: 1.0; val_loss: 22.644296646118164; val_CER: 1.0; val_WER: 1.0
2024-04-03 18:13:46,288 - root - INFO - Epoch 14; loss: 23.067031860351562; CER: 1.0; WER: 1.0; val_loss: 22.6851863861084; val_CER: 1.0; val_WER: 1.0
2024-04-03 18:13:55,794 - root - INFO - Epoch 15; loss: 23.194700241088867; CER: 1.0; WER: 1.0; val_loss: 22.591272354125977; val_CER: 1.0; val_WER: 1.0
2024-04-03 18:14:05,333 - root - INFO - Epoch 16; loss: 23.033113479614258; CER: 1.0; WER: 1.0; val_loss: 22.452877044677734; val_CER: 1.0; val_WER: 1.0
2024-04-03 18:14:14,889 - root - INFO - Epoch 17; loss: 22.92320442199707; CER: 1.0; WER: 1.0; val_loss: 22.341947555541992; val_CER: 1.0; val_WER: 1.0
2024-04-03 18:14:24,351 - root - INFO - Epoch 18; loss: 22.80236053466797; CER: 1.0; WER: 1.0; val_loss: 22.332592010498047; val_CER: 1.0; val_WER: 1.0
2024-04-03 18:14:33,835 - root - INFO - Epoch 19; loss: 22.736066818237305; CER: 0.9998972415924072; WER: 1.0; val_loss: 22.0758113861084; val_CER: 1.0; val_WER: 1.0
2024-04-03 18:14:43,397 - root - INFO - Epoch 20; loss: 22.669139862060547; CER: 0.9998972415924072; WER: 1.0; val_loss: 22.118820190429688; val_CER: 1.0; val_WER: 1.0
2024-04-03 18:14:52,871 - root - INFO - Epoch 21; loss: 22.621410369873047; CER: 0.9993834495544434; WER: 1.0; val_loss: 21.92967414855957; val_CER: 1.0; val_WER: 1.0
2024-04-03 18:15:02,412 - root - INFO - Epoch 22; loss: 22.50420379638672; CER: 0.9994862079620361; WER: 1.0; val_loss: 21.732391357421875; val_CER: 1.0; val_WER: 1.0
2024-04-03 18:15:12,156 - root - INFO - Epoch 23; loss: 22.40460777282715; CER: 0.9977394938468933; WER: 1.0; val_loss: 21.51072120666504; val_CER: 0.999079167842865; val_WER: 1.0
2024-04-03 18:15:21,513 - root - INFO - Epoch 24; loss: 22.321813583374023; CER: 0.99650639295578; WER: 1.0; val_loss: 21.291976928710938; val_CER: 0.999079167842865; val_WER: 1.0
2024-04-03 18:15:31,551 - root - INFO - Epoch 25; loss: 22.17155647277832; CER: 0.9882861375808716; WER: 1.0; val_loss: 21.02089500427246; val_CER: 0.9907918572425842; val_WER: 1.0
2024-04-03 18:15:40,867 - root - INFO - Epoch 26; loss: 21.96394920349121; CER: 0.9865390658378601; WER: 1.0; val_loss: 20.879680633544922; val_CER: 0.9907918572425842; val_WER: 1.0
2024-04-03 18:15:50,388 - root - INFO - Epoch 27; loss: 21.850202560424805; CER: 0.9781135320663452; WER: 1.0; val_loss: 20.520259857177734; val_CER: 0.988029420375824; val_WER: 1.0
2024-04-03 18:15:59,907 - root - INFO - Epoch 28; loss: 21.50754737854004; CER: 0.9679407477378845; WER: 1.0; val_loss: 20.767972946166992; val_CER: 0.9751380085945129; val_WER: 1.0
2024-04-03 18:16:09,678 - root - INFO - Epoch 29; loss: 21.31848907470703; CER: 0.9424578547477722; WER: 1.0; val_loss: 19.238611221313477; val_CER: 0.940147340297699; val_WER: 1.0
2024-04-03 18:16:19,345 - root - INFO - Epoch 30; loss: 20.925556182861328; CER: 0.9190298914909363; WER: 1.0; val_loss: 19.272968292236328; val_CER: 0.9180478453636169; val_WER: 1.0
2024-04-03 18:16:28,958 - root - INFO - Epoch 31; loss: 20.41176414489746; CER: 0.9028975963592529; WER: 1.0; val_loss: 17.463716506958008; val_CER: 0.8499078750610352; val_WER: 1.0
2024-04-03 18:16:38,409 - root - INFO - Epoch 32; loss: 19.802480697631836; CER: 0.889025866985321; WER: 1.0; val_loss: 20.065879821777344; val_CER: 0.8830570578575134; val_WER: 1.0
2024-04-03 18:16:47,924 - root - INFO - Epoch 33; loss: 19.17616844177246; CER: 0.867344856262207; WER: 1.0; val_loss: 28.297094345092773; val_CER: 0.9143646359443665; val_WER: 1.0
2024-04-03 18:16:57,949 - root - INFO - Epoch 34; loss: 18.91164779663086; CER: 0.8551172018051147; WER: 1.0; val_loss: 17.023412704467773; val_CER: 0.8379373550415039; val_WER: 1.0
2024-04-03 18:17:07,751 - root - INFO - Epoch 35; loss: 18.355083465576172; CER: 0.8445334434509277; WER: 1.0; val_loss: 16.133752822875977; val_CER: 0.8204419612884521; val_WER: 1.0
2024-04-03 18:17:17,812 - root - INFO - Epoch 36; loss: 17.671688079833984; CER: 0.8234689235687256; WER: 1.0; val_loss: 14.537725448608398; val_CER: 0.7467771768569946; val_WER: 1.0
2024-04-03 18:17:27,837 - root - INFO - Epoch 37; loss: 17.167892456054688; CER: 0.8074393272399902; WER: 0.9993834495544434; val_loss: 13.354304313659668; val_CER: 0.6878452897071838; val_WER: 1.0
2024-04-03 18:17:37,458 - root - INFO - Epoch 38; loss: 16.678010940551758; CER: 0.7922319173812866; WER: 1.0; val_loss: 13.509984970092773; val_CER: 0.7044199109077454; val_WER: 1.0
2024-04-03 18:17:47,255 - root - INFO - Epoch 39; loss: 16.52581787109375; CER: 0.7823673486709595; WER: 1.0; val_loss: 13.157832145690918; val_CER: 0.6777163147926331; val_WER: 1.0
2024-04-03 18:17:57,417 - root - INFO - Epoch 40; loss: 15.78229808807373; CER: 0.7642828822135925; WER: 1.0; val_loss: 11.660039901733398; val_CER: 0.589318573474884; val_WER: 0.9944751262664795
2024-04-03 18:18:08,600 - root - INFO - Epoch 41; loss: 15.467065811157227; CER: 0.7478421926498413; WER: 1.0; val_loss: 11.46256160736084; val_CER: 0.5985267162322998; val_WER: 1.0
2024-04-03 18:18:18,893 - root - INFO - Epoch 42; loss: 15.074685096740723; CER: 0.721537172794342; WER: 0.9993834495544434; val_loss: 12.90037727355957; val_CER: 0.6519337296485901; val_WER: 1.0
2024-04-03 18:18:29,093 - root - INFO - Epoch 43; loss: 14.644644737243652; CER: 0.7169131636619568; WER: 0.9987669587135315; val_loss: 10.903139114379883; val_CER: 0.5948435068130493; val_WER: 0.9944751262664795
2024-04-03 18:18:40,368 - root - INFO - Epoch 44; loss: 14.16976547241211; CER: 0.6893752813339233; WER: 0.9987669587135315; val_loss: 11.260664939880371; val_CER: 0.5653775334358215; val_WER: 0.988950252532959
2024-04-03 18:18:50,972 - root - INFO - Epoch 45; loss: 13.961631774902344; CER: 0.677250325679779; WER: 0.9969173669815063; val_loss: 10.414959907531738; val_CER: 0.511049747467041; val_WER: 0.9944751262664795
2024-04-03 18:19:01,404 - root - INFO - Epoch 46; loss: 13.44815731048584; CER: 0.6602959036827087; WER: 0.9969173669815063; val_loss: 9.10703182220459; val_CER: 0.4861878454685211; val_WER: 0.9944751262664795
2024-04-03 18:19:12,636 - root - INFO - Epoch 47; loss: 13.183273315429688; CER: 0.6462187170982361; WER: 0.9956843256950378; val_loss: 9.565702438354492; val_CER: 0.49263355135917664; val_WER: 0.9723756909370422
2024-04-03 18:19:22,841 - root - INFO - Epoch 48; loss: 12.75615119934082; CER: 0.6255650520324707; WER: 0.9889025688171387; val_loss: 8.825406074523926; val_CER: 0.4576427936553955; val_WER: 0.9723756909370422
2024-04-03 18:19:35,088 - root - INFO - Epoch 49; loss: 12.419836044311523; CER: 0.6073777079582214; WER: 0.9870530366897583; val_loss: 9.899962425231934; val_CER: 0.491712749004364; val_WER: 0.9834254384040833
2024-04-03 18:19:45,654 - root - INFO - Epoch 50; loss: 12.052700996398926; CER: 0.5938141942024231; WER: 0.980887770652771; val_loss: 9.218854904174805; val_CER: 0.46316754817962646; val_WER: 0.9944751262664795
2024-04-03 18:19:56,676 - root - INFO - Epoch 51; loss: 11.695093154907227; CER: 0.575215756893158; WER: 0.9790382385253906; val_loss: 10.585529327392578; val_CER: 0.48710867762565613; val_WER: 0.9668508172035217
2024-04-03 18:20:08,103 - root - INFO - Epoch 52; loss: 11.324725151062012; CER: 0.5607274770736694; WER: 0.9728729724884033; val_loss: 19.005247116088867; val_CER: 0.7744014859199524; val_WER: 1.0
2024-04-03 18:20:18,434 - root - INFO - Epoch 53; loss: 11.022769927978516; CER: 0.5523016452789307; WER: 0.9815043210983276; val_loss: 6.879141807556152; val_CER: 0.3379373848438263; val_WER: 0.8729282021522522
2024-04-03 18:20:29,045 - root - INFO - Epoch 54; loss: 10.922781944274902; CER: 0.5398685336112976; WER: 0.9673243165016174; val_loss: 6.771347999572754; val_CER: 0.3287292718887329; val_WER: 0.90055251121521
2024-04-03 18:20:40,561 - root - INFO - Epoch 55; loss: 10.418739318847656; CER: 0.518084704875946; WER: 0.9593095183372498; val_loss: 8.215331077575684; val_CER: 0.39594846963882446; val_WER: 0.9226519465446472
2024-04-03 18:20:50,864 - root - INFO - Epoch 56; loss: 10.176786422729492; CER: 0.5042129158973694; WER: 0.9537608027458191; val_loss: 20.276836395263672; val_CER: 0.7255985140800476; val_WER: 1.0
2024-04-03 18:21:03,047 - root - INFO - Epoch 57; loss: 9.875641822814941; CER: 0.49136868119239807; WER: 0.9531442523002625; val_loss: 5.868463516235352; val_CER: 0.2836095690727234; val_WER: 0.8287292718887329
2024-04-03 18:21:13,705 - root - INFO - Epoch 58; loss: 9.705721855163574; CER: 0.4778052568435669; WER: 0.9377312064170837; val_loss: 12.254829406738281; val_CER: 0.5147330164909363; val_WER: 0.9613259434700012
2024-04-03 18:21:24,911 - root - INFO - Epoch 59; loss: 9.568601608276367; CER: 0.4762638807296753; WER: 0.9426633715629578; val_loss: 18.932886123657227; val_CER: 0.6979742050170898; val_WER: 1.0
2024-04-03 18:21:35,274 - root - INFO - Epoch 60; loss: 9.556888580322266; CER: 0.47472256422042847; WER: 0.9395807385444641; val_loss: 6.032618999481201; val_CER: 0.3029465973377228; val_WER: 0.8232043981552124
2024-04-03 18:21:45,312 - root - INFO - Epoch 61; loss: 9.460945129394531; CER: 0.4739004969596863; WER: 0.9426633715629578; val_loss: 6.1514506340026855; val_CER: 0.31123387813568115; val_WER: 0.8784530162811279
2024-04-03 18:21:56,673 - root - INFO - Epoch 62; loss: 9.073269844055176; CER: 0.4512946903705597; WER: 0.9321824908256531; val_loss: 5.556124687194824; val_CER: 0.25782689452171326; val_WER: 0.7845304012298584
2024-04-03 18:22:07,913 - root - INFO - Epoch 63; loss: 8.771644592285156; CER: 0.44646528363227844; WER: 0.924784243106842; val_loss: 5.409682750701904; val_CER: 0.26151013374328613; val_WER: 0.8011049628257751
2024-04-03 18:22:20,311 - root - INFO - Epoch 64; loss: 8.3112211227417; CER: 0.41265928745269775; WER: 0.903205931186676; val_loss: 7.127100467681885; val_CER: 0.31767958402633667; val_WER: 0.8453038930892944
2024-04-03 18:22:32,904 - root - INFO - Epoch 65; loss: 8.316622734069824; CER: 0.4200575649738312; WER: 0.905672013759613; val_loss: 14.004481315612793; val_CER: 0.5718231797218323; val_WER: 0.9834254384040833
2024-04-03 18:22:44,622 - root - INFO - Epoch 66; loss: 8.253171920776367; CER: 0.4162556231021881; WER: 0.9019728899002075; val_loss: 6.8847336769104; val_CER: 0.3397790193557739; val_WER: 0.9337016344070435
2024-04-03 18:22:57,110 - root - INFO - Epoch 67; loss: 7.8864359855651855; CER: 0.3877928555011749; WER: 0.8760789036750793; val_loss: 5.542668342590332; val_CER: 0.26611417531967163; val_WER: 0.8232043981552124
2024-04-03 18:23:07,420 - root - INFO - Epoch 68; loss: 7.864572048187256; CER: 0.39159470796585083; WER: 0.889025866985321; val_loss: 4.824415683746338; val_CER: 0.23296502232551575; val_WER: 0.7955800890922546
2024-04-03 18:23:18,232 - root - INFO - Epoch 69; loss: 7.747265815734863; CER: 0.3863542675971985; WER: 0.8699136972427368; val_loss: 4.126368999481201; val_CER: 0.18047882616519928; val_WER: 0.6740331649780273
2024-04-03 18:23:29,075 - root - INFO - Epoch 70; loss: 7.985626220703125; CER: 0.39395806193351746; WER: 0.8884093761444092; val_loss: 14.587242126464844; val_CER: 0.5791897177696228; val_WER: 0.988950252532959
2024-04-03 18:23:38,786 - root - INFO - Epoch 71; loss: 7.574052333831787; CER: 0.37011921405792236; WER: 0.8649815320968628; val_loss: 3.7774658203125; val_CER: 0.16942910850048065; val_WER: 0.7016574740409851
2024-04-03 18:23:48,460 - root - INFO - Epoch 72; loss: 7.360281467437744; CER: 0.3696054220199585; WER: 0.8594328165054321; val_loss: 3.5996525287628174; val_CER: 0.16574586927890778; val_WER: 0.6464088559150696
2024-04-03 18:23:58,344 - root - INFO - Epoch 73; loss: 7.192927837371826; CER: 0.36179617047309875; WER: 0.8538841009140015; val_loss: 35.4926643371582; val_CER: 0.7817679643630981; val_WER: 1.0
2024-04-03 18:24:08,954 - root - INFO - Epoch 74; loss: 7.09165096282959; CER: 0.3514179587364197; WER: 0.8458693027496338; val_loss: 3.4715259075164795; val_CER: 0.15285451710224152; val_WER: 0.6022099256515503
2024-04-03 18:24:19,621 - root - INFO - Epoch 75; loss: 7.0302300453186035; CER: 0.3500822186470032; WER: 0.8489519357681274; val_loss: 36.44010925292969; val_CER: 0.8093922734260559; val_WER: 1.0
2024-04-03 18:24:30,502 - root - INFO - Epoch 76; loss: 6.911719799041748; CER: 0.34227287769317627; WER: 0.8366214632987976; val_loss: 3.6172218322753906; val_CER: 0.1565377563238144; val_WER: 0.6298342347145081
2024-04-03 18:24:41,052 - root - INFO - Epoch 77; loss: 6.737107276916504; CER: 0.3287094235420227; WER: 0.8298397064208984; val_loss: 4.118853569030762; val_CER: 0.18508286774158478; val_WER: 0.6961326003074646
2024-04-03 18:24:51,944 - root - INFO - Epoch 78; loss: 6.712486267089844; CER: 0.3245992660522461; WER: 0.8014796376228333; val_loss: 3.890228271484375; val_CER: 0.17863719165325165; val_WER: 0.6629834175109863
2024-04-03 18:25:02,823 - root - INFO - Epoch 79; loss: 6.49875020980835; CER: 0.3250102996826172; WER: 0.8292231559753418; val_loss: 3.778374195098877; val_CER: 0.1721915304660797; val_WER: 0.6243094205856323
2024-04-03 18:25:13,606 - root - INFO - Epoch 80; loss: 6.3539934158325195; CER: 0.3104192018508911; WER: 0.7983970642089844; val_loss: 3.312431812286377; val_CER: 0.12891343235969543; val_WER: 0.5690608024597168
2024-04-03 18:25:25,530 - root - INFO - Epoch 81; loss: 6.16646671295166; CER: 0.3041512370109558; WER: 0.7940813899040222; val_loss: 4.784056186676025; val_CER: 0.21915286779403687; val_WER: 0.7348066568374634
2024-04-03 18:25:35,920 - root - INFO - Epoch 82; loss: 6.16485595703125; CER: 0.30240440368652344; WER: 0.784833550453186; val_loss: 25.0753173828125; val_CER: 0.6961326003074646; val_WER: 1.0
2024-04-03 18:25:48,456 - root - INFO - Epoch 83; loss: 5.986990928649902; CER: 0.2917180359363556; WER: 0.7977805137634277; val_loss: 3.0924859046936035; val_CER: 0.11602210253477097; val_WER: 0.541436493396759
2024-04-03 18:25:59,064 - root - INFO - Epoch 84; loss: 6.132300853729248; CER: 0.3025071918964386; WER: 0.7983970642089844; val_loss: 32.5704231262207; val_CER: 0.7817679643630981; val_WER: 1.0
2024-04-03 18:26:10,216 - root - INFO - Epoch 85; loss: 5.824014663696289; CER: 0.2828811705112457; WER: 0.7786682844161987; val_loss: 24.855152130126953; val_CER: 0.7081030607223511; val_WER: 1.0
2024-04-03 18:26:21,185 - root - INFO - Epoch 86; loss: 5.752767562866211; CER: 0.28236743807792664; WER: 0.7731196284294128; val_loss: 3.7442142963409424; val_CER: 0.16850829124450684; val_WER: 0.6519337296485901
2024-04-03 18:26:31,012 - root - INFO - Epoch 87; loss: 5.658860206604004; CER: 0.2766132354736328; WER: 0.7564734816551208; val_loss: 18.93330192565918; val_CER: 0.6040515899658203; val_WER: 1.0
2024-04-03 18:26:42,292 - root - INFO - Epoch 88; loss: 5.556397438049316; CER: 0.2755856513977051; WER: 0.7533908486366272; val_loss: 23.706071853637695; val_CER: 0.6860036849975586; val_WER: 0.9944751262664795
2024-04-03 18:26:53,262 - root - INFO - Epoch 89; loss: 5.7488179206848145; CER: 0.28842994570732117; WER: 0.76325523853302; val_loss: 2.644740104675293; val_CER: 0.10220994800329208; val_WER: 0.45303866267204285
2024-04-03 18:27:03,942 - root - INFO - Epoch 90; loss: 5.611229419708252; CER: 0.2734278440475464; WER: 0.7484586834907532; val_loss: 2.6937108039855957; val_CER: 0.09484346956014633; val_WER: 0.4419889450073242
2024-04-03 18:27:14,231 - root - INFO - Epoch 91; loss: 5.630918502807617; CER: 0.2733251452445984; WER: 0.758323073387146; val_loss: 8.633150100708008; val_CER: 0.3388582170009613; val_WER: 0.8784530162811279
2024-04-03 18:27:24,207 - root - INFO - Epoch 92; loss: 5.641966819763184; CER: 0.2778463065624237; WER: 0.7398273944854736; val_loss: 37.510833740234375; val_CER: 0.8232043981552124; val_WER: 1.0
2024-04-03 18:27:33,829 - root - INFO - Epoch 93; loss: 5.2177348136901855; CER: 0.2558569610118866; WER: 0.7410604357719421; val_loss: 2.758635997772217; val_CER: 0.09668508172035217; val_WER: 0.4419889450073242
2024-04-03 18:27:43,535 - root - INFO - Epoch 94; loss: 5.605137348175049; CER: 0.2712700366973877; WER: 0.7324290871620178; val_loss: 7.316450119018555; val_CER: 0.33701658248901367; val_WER: 0.8950276374816895
2024-04-03 18:27:53,574 - root - INFO - Epoch 95; loss: 5.20757532119751; CER: 0.2500000298023224; WER: 0.7194821238517761; val_loss: 7.649965286254883; val_CER: 0.32504600286483765; val_WER: 0.6961326003074646
2024-04-03 18:28:04,299 - root - INFO - Epoch 96; loss: 5.157793045043945; CER: 0.2515413165092468; WER: 0.7108507752418518; val_loss: 2.547924280166626; val_CER: 0.07918968796730042; val_WER: 0.38121548295021057
2024-04-03 18:28:14,643 - root - INFO - Epoch 97; loss: 4.98645544052124; CER: 0.24229346215724945; WER: 0.7213317155838013; val_loss: 2.7465922832489014; val_CER: 0.10220995545387268; val_WER: 0.45856353640556335
2024-04-03 18:28:25,162 - root - INFO - Epoch 98; loss: 5.010851860046387; CER: 0.2430127114057541; WER: 0.6960542798042297; val_loss: 2.581118583679199; val_CER: 0.09484346956014633; val_WER: 0.45856353640556335
2024-04-03 18:28:34,618 - root - INFO - Epoch 99; loss: 4.830115795135498; CER: 0.23725856840610504; WER: 0.6849568486213684; val_loss: 2.7703664302825928; val_CER: 0.10128913819789886; val_WER: 0.4806629717350006
2024-04-03 18:28:44,133 - root - INFO - Epoch 100; loss: 4.8314738273620605; CER: 0.23468968272209167; WER: 0.6880394816398621; val_loss: 2.8879752159118652; val_CER: 0.1077348068356514; val_WER: 0.4917127192020416
2024-04-03 18:28:53,638 - root - INFO - Epoch 101; loss: 4.679119110107422; CER: 0.22657212615013123; WER: 0.6738594174385071; val_loss: 2.990901470184326; val_CER: 0.11970534920692444; val_WER: 0.519336998462677
2024-04-03 18:29:03,109 - root - INFO - Epoch 102; loss: 4.902942180633545; CER: 0.2396218627691269; WER: 0.6917386054992676; val_loss: 2.892350435256958; val_CER: 0.1178637221455574; val_WER: 0.5082873106002808
2024-04-03 18:29:12,587 - root - INFO - Epoch 103; loss: 4.570383071899414; CER: 0.2199958711862564; WER: 0.6757090091705322; val_loss: 3.362299919128418; val_CER: 0.1372007429599762; val_WER: 0.5856353640556335
2024-04-03 18:29:22,085 - root - INFO - Epoch 104; loss: 4.67983341217041; CER: 0.2258528620004654; WER: 0.6837238073348999; val_loss: 3.9358956813812256; val_CER: 0.18508286774158478; val_WER: 0.7403314709663391
2024-04-03 18:29:31,510 - root - INFO - Epoch 105; loss: 4.491415500640869; CER: 0.22266750037670135; WER: 0.6590628623962402; val_loss: 2.680016279220581; val_CER: 0.11141805350780487; val_WER: 0.5082873106002808
2024-04-03 18:29:41,154 - root - INFO - Epoch 106; loss: 4.540762424468994; CER: 0.2208179086446762; WER: 0.6670776605606079; val_loss: 2.2768301963806152; val_CER: 0.06813997030258179; val_WER: 0.33701658248901367
2024-04-03 18:29:50,649 - root - INFO - Epoch 107; loss: 4.309837341308594; CER: 0.21321414411067963; WER: 0.6405671834945679; val_loss: 42.743797302246094; val_CER: 0.8453038930892944; val_WER: 1.0
2024-04-03 18:30:00,188 - root - INFO - Epoch 108; loss: 4.345272541046143; CER: 0.20992602407932281; WER: 0.6522811055183411; val_loss: 47.438209533691406; val_CER: 0.8738489151000977; val_WER: 1.0
2024-04-03 18:30:09,654 - root - INFO - Epoch 109; loss: 4.413575649261475; CER: 0.21187835931777954; WER: 0.6387176513671875; val_loss: 8.655266761779785; val_CER: 0.2900552451610565; val_WER: 0.7237569093704224
2024-04-03 18:30:19,155 - root - INFO - Epoch 110; loss: 4.362374782562256; CER: 0.218351811170578; WER: 0.6418002247810364; val_loss: 2.3277976512908936; val_CER: 0.0883977934718132; val_WER: 0.4254143536090851
2024-04-03 18:30:29,927 - root - INFO - Epoch 111; loss: 4.2216339111328125; CER: 0.20869296789169312; WER: 0.6572133302688599; val_loss: 5.845424652099609; val_CER: 0.2357274442911148; val_WER: 0.6740331649780273
2024-04-03 18:30:41,912 - root - INFO - Epoch 112; loss: 4.136673450469971; CER: 0.2003699094057083; WER: 0.625770628452301; val_loss: 6.794610977172852; val_CER: 0.27440145611763; val_WER: 0.7679557800292969
2024-04-03 18:30:51,841 - root - INFO - Epoch 113; loss: 4.2137837409973145; CER: 0.2082819640636444; WER: 0.6307028532028198; val_loss: 2.6451261043548584; val_CER: 0.11878453195095062; val_WER: 0.5138121843338013
2024-04-03 18:31:02,453 - root - INFO - Epoch 114; loss: 4.129969596862793; CER: 0.19862307608127594; WER: 0.6251541376113892; val_loss: 2.599179983139038; val_CER: 0.09208104014396667; val_WER: 0.4475138187408447
2024-04-03 18:31:14,288 - root - INFO - Epoch 115; loss: 4.131761074066162; CER: 0.19780109822750092; WER: 0.6196054220199585; val_loss: 10.83790111541748; val_CER: 0.38397789001464844; val_WER: 0.8508287072181702
2024-04-03 18:31:24,963 - root - INFO - Epoch 116; loss: 3.9223008155822754; CER: 0.19317713379859924; WER: 0.623304545879364; val_loss: 2.5171563625335693; val_CER: 0.08747698366641998; val_WER: 0.4033149182796478
2024-04-03 18:31:34,531 - root - INFO - Epoch 117; loss: 3.906160354614258; CER: 0.18732020258903503; WER: 0.5998767018318176; val_loss: 2.7052500247955322; val_CER: 0.10220994800329208; val_WER: 0.469613254070282
2024-04-03 18:31:44,421 - root - INFO - Epoch 118; loss: 4.074600696563721; CER: 0.19451293349266052; WER: 0.6171393394470215; val_loss: 2.0301427841186523; val_CER: 0.0635359138250351; val_WER: 0.32044199109077454
2024-04-03 18:31:55,203 - root - INFO - Epoch 119; loss: 3.8047542572021484; CER: 0.18608716130256653; WER: 0.5949445366859436; val_loss: 3.6068220138549805; val_CER: 0.16022098064422607; val_WER: 0.5745856165885925
2024-04-03 18:32:06,551 - root - INFO - Epoch 120; loss: 3.7329556941986084; CER: 0.18279901146888733; WER: 0.5782983899116516; val_loss: 2.1606531143188477; val_CER: 0.07918968796730042; val_WER: 0.38121548295021057
2024-04-03 18:32:17,957 - root - INFO - Epoch 121; loss: 3.6869139671325684; CER: 0.1857788860797882; WER: 0.5937114953994751; val_loss: 8.173693656921387; val_CER: 0.29650092124938965; val_WER: 0.8287292718887329
2024-04-03 18:32:30,508 - root - INFO - Epoch 122; loss: 3.7149994373321533; CER: 0.18218249082565308; WER: 0.6029593348503113; val_loss: 3.2335054874420166; val_CER: 0.12430939078330994; val_WER: 0.5248618721961975
2024-04-03 18:32:41,797 - root - INFO - Epoch 123; loss: 3.700024127960205; CER: 0.18269625306129456; WER: 0.6004931926727295; val_loss: 24.478803634643555; val_CER: 0.6335175037384033; val_WER: 0.9944751262664795
2024-04-03 18:32:52,435 - root - INFO - Epoch 124; loss: 3.617197275161743; CER: 0.17735305428504944; WER: 0.5684340596199036; val_loss: 7.83333683013916; val_CER: 0.3029465973377228; val_WER: 0.7403314709663391
2024-04-03 18:33:02,560 - root - INFO - Epoch 125; loss: 3.512908935546875; CER: 0.17314016819000244; WER: 0.5616523027420044; val_loss: 2.3393218517303467; val_CER: 0.08563536405563354; val_WER: 0.41436463594436646
2024-04-03 18:33:12,950 - root - INFO - Epoch 126; loss: 3.539949417114258; CER: 0.17519523203372955; WER: 0.5659679174423218; val_loss: 7.446916580200195; val_CER: 0.2845304012298584; val_WER: 0.8453038930892944
2024-04-03 18:33:23,655 - root - INFO - Epoch 127; loss: 3.355631113052368; CER: 0.16481707990169525; WER: 0.5554870367050171; val_loss: 2.271604061126709; val_CER: 0.08379373699426651; val_WER: 0.3977900445461273
2024-04-03 18:33:34,724 - root - INFO - Epoch 128; loss: 3.449507474899292; CER: 0.16923551261425018; WER: 0.5628853440284729; val_loss: 1.9199575185775757; val_CER: 0.05248619243502617; val_WER: 0.2707182466983795
2024-04-03 18:33:46,508 - root - INFO - Epoch 129; loss: 3.3086001873016357; CER: 0.1662556380033493; WER: 0.5616523027420044; val_loss: 2.0613317489624023; val_CER: 0.06537753343582153; val_WER: 0.3093922734260559
2024-04-03 18:33:55,939 - root - INFO - Epoch 130; loss: 3.3768599033355713; CER: 0.16892725229263306; WER: 0.5616523027420044; val_loss: 2.4141123294830322; val_CER: 0.08011050522327423; val_WER: 0.37016573548316956
2024-04-03 18:34:05,861 - root - INFO - Epoch 131; loss: 3.3290140628814697; CER: 0.1637895703315735; WER: 0.5554870367050171; val_loss: 2.9893274307250977; val_CER: 0.1178637146949768; val_WER: 0.5248618721961975
2024-04-03 18:34:16,420 - root - INFO - Epoch 132; loss: 3.4188506603240967; CER: 0.17139333486557007; WER: 0.5561035871505737; val_loss: 14.608260154724121; val_CER: 0.4318600296974182; val_WER: 0.939226508140564
2024-04-03 18:34:27,013 - root - INFO - Epoch 133; loss: 3.428011178970337; CER: 0.17005755007266998; WER: 0.5505548715591431; val_loss: 4.090021133422852; val_CER: 0.15009209513664246; val_WER: 0.5524861812591553
2024-04-03 18:34:37,051 - root - INFO - Epoch 134; loss: 3.202068567276001; CER: 0.15967941284179688; WER: 0.5443896651268005; val_loss: 4.435937881469727; val_CER: 0.18416208028793335; val_WER: 0.6629834175109863
2024-04-03 18:34:47,945 - root - INFO - Epoch 135; loss: 3.3178157806396484; CER: 0.16194000840187073; WER: 0.5400739908218384; val_loss: 2.4742133617401123; val_CER: 0.08931861072778702; val_WER: 0.4309392273426056
2024-04-03 18:34:58,623 - root - INFO - Epoch 136; loss: 3.233248472213745; CER: 0.1621454954147339; WER: 0.5443896651268005; val_loss: 32.486846923828125; val_CER: 0.7136279344558716; val_WER: 0.9944751262664795
2024-04-03 18:35:09,743 - root - INFO - Epoch 137; loss: 2.982079029083252; CER: 0.14930129051208496; WER: 0.5110974311828613; val_loss: 1.9404677152633667; val_CER: 0.05616943538188934; val_WER: 0.28729280829429626
2024-04-03 18:35:20,327 - root - INFO - Epoch 138; loss: 3.199984312057495; CER: 0.15721331536769867; WER: 0.5308261513710022; val_loss: 2.1070570945739746; val_CER: 0.07182320207357407; val_WER: 0.3591160178184509
2024-04-03 18:35:32,277 - root - INFO - Epoch 139; loss: 3.194918155670166; CER: 0.16009043157100677; WER: 0.5209617614746094; val_loss: 1.760567545890808; val_CER: 0.05524861812591553; val_WER: 0.3038673996925354
2024-04-03 18:35:44,106 - root - INFO - Epoch 140; loss: 3.1488311290740967; CER: 0.15526099503040314; WER: 0.5357583165168762; val_loss: 1.7280162572860718; val_CER: 0.04511970654129982; val_WER: 0.24309392273426056
2024-04-03 18:35:55,012 - root - INFO - Epoch 141; loss: 3.0623116493225098; CER: 0.1542334407567978; WER: 0.5123304724693298; val_loss: 1.9339935779571533; val_CER: 0.05985267460346222; val_WER: 0.31491711735725403
2024-04-03 18:36:06,193 - root - INFO - Epoch 142; loss: 3.1329972743988037; CER: 0.15526098012924194; WER: 0.5098643898963928; val_loss: 2.0596578121185303; val_CER: 0.069060780107975; val_WER: 0.3591160178184509
2024-04-03 18:36:17,032 - root - INFO - Epoch 143; loss: 2.925213098526001; CER: 0.14262227714061737; WER: 0.5012330412864685; val_loss: 35.644737243652344; val_CER: 0.7357273697853088; val_WER: 1.0
2024-04-03 18:36:28,361 - root - INFO - Epoch 144; loss: 3.1585326194763184; CER: 0.15320593118667603; WER: 0.5221948027610779; val_loss: 38.56791687011719; val_CER: 0.7790055274963379; val_WER: 1.0
2024-04-03 18:36:39,420 - root - INFO - Epoch 145; loss: 3.045398712158203; CER: 0.1512535959482193; WER: 0.5154130458831787; val_loss: 3.423539161682129; val_CER: 0.1372007429599762; val_WER: 0.519336998462677
2024-04-03 18:36:49,675 - root - INFO - Epoch 146; loss: 2.9570930004119873; CER: 0.14930126070976257; WER: 0.5043156743049622; val_loss: 3.718383550643921; val_CER: 0.14364640414714813; val_WER: 0.5359116196632385
